2018-02-16 11:08:09,169 [Worker-0] INFO  o.e.m.c.i.l.LifecycleMappingFactory - Using NULL lifecycle mapping for MavenProject: com.aelos.testintentionsassistance:parent:0.1.0-SNAPSHOT @ Z:\Partage\TER\com.aelos.testintentionsassistance\pom.xml.
2018-02-16 11:08:10,917 [Worker-0] INFO  o.e.m.c.i.l.LifecycleMappingFactory - Using org.sonatype.tycho.m2e.tychoLifecycleMapping lifecycle mapping for MavenProject: com.aelos.testintentionsassistance:com.aelos.testintentionsassistance:0.1.0-SNAPSHOT @ Z:\Partage\TER\com.aelos.testintentionsassistance\com.aelos.testintentionsassistance\pom.xml.
2018-02-16 11:08:11,665 [Worker-0] INFO  o.e.m.c.i.l.LifecycleMappingFactory - Using org.sonatype.tycho.m2e.tychoLifecycleMapping lifecycle mapping for MavenProject: com.aelos.testintentionsassistance:com.aelos.testintentionsassistance.ide:0.1.0-SNAPSHOT @ Z:\Partage\TER\com.aelos.testintentionsassistance\com.aelos.testintentionsassistance.ide\pom.xml.
2018-02-16 11:08:11,759 [Worker-0] INFO  o.e.m.c.i.l.LifecycleMappingFactory - Using org.sonatype.tycho.m2e.tychoLifecycleMapping lifecycle mapping for MavenProject: com.aelos.testintentionsassistance:com.aelos.testintentionsassistance.ui:0.1.0-SNAPSHOT @ Z:\Partage\TER\com.aelos.testintentionsassistance\com.aelos.testintentionsassistance.ui\pom.xml.
2018-02-16 11:08:11,821 [Worker-0] INFO  o.e.m.c.i.l.LifecycleMappingFactory - Using org.sonatype.tycho.m2e.tychoLifecycleMapping lifecycle mapping for MavenProject: com.aelos.testintentionsassistance:com.aelos.testintentionsassistance.tests:0.1.0-SNAPSHOT @ Z:\Partage\TER\com.aelos.testintentionsassistance\com.aelos.testintentionsassistance.tests\pom.xml.
2018-02-16 11:08:11,853 [Worker-0] INFO  o.e.m.c.i.l.LifecycleMappingFactory - Using org.sonatype.tycho.m2e.tychoLifecycleMapping lifecycle mapping for MavenProject: com.aelos.testintentionsassistance:com.aelos.testintentionsassistance.sdk:0.1.0-SNAPSHOT @ Z:\Partage\TER\com.aelos.testintentionsassistance\com.aelos.testintentionsassistance.sdk\pom.xml.
2018-02-16 11:08:11,915 [Worker-0] INFO  o.e.m.c.i.l.LifecycleMappingFactory - Using org.sonatype.tycho.m2e.tychoLifecycleMapping lifecycle mapping for MavenProject: com.aelos.testintentionsassistance:com.aelos.testintentionsassistance.updatesite:0.1.0-SNAPSHOT @ Z:\Partage\TER\com.aelos.testintentionsassistance\com.aelos.testintentionsassistance.updatesite\pom.xml.
2018-02-16 11:08:17,983 [Worker-5] INFO  o.e.m.c.i.l.LifecycleMappingFactory - Using NULL lifecycle mapping for MavenProject: com.aelos.testintentionsassistance:parent:0.1.0-SNAPSHOT @ Z:\Partage\TER\com.aelos.testintentionsassistance\pom.xml.
2018-02-16 11:08:18,545 [Worker-0] INFO  o.e.m.c.i.p.ProjectConfigurationManager - Imported and configured 7 project(s) in 19 sec
2018-02-16 11:08:18,717 [Worker-5] INFO  o.e.m.c.i.l.LifecycleMappingFactory - Using org.sonatype.tycho.m2e.tychoLifecycleMapping lifecycle mapping for MavenProject: com.aelos.testintentionsassistance:com.aelos.testintentionsassistance.updatesite:0.1.0-SNAPSHOT @ Z:\Partage\TER\com.aelos.testintentionsassistance\com.aelos.testintentionsassistance.updatesite\pom.xml.
2018-02-16 11:08:19,777 [Worker-5] INFO  o.e.m.c.i.l.LifecycleMappingFactory - Using org.sonatype.tycho.m2e.tychoLifecycleMapping lifecycle mapping for MavenProject: com.aelos.testintentionsassistance:com.aelos.testintentionsassistance:0.1.0-SNAPSHOT @ Z:\Partage\TER\com.aelos.testintentionsassistance\com.aelos.testintentionsassistance\pom.xml.
2018-02-16 11:08:19,840 [Worker-5] INFO  o.e.m.c.i.l.LifecycleMappingFactory - Using org.sonatype.tycho.m2e.tychoLifecycleMapping lifecycle mapping for MavenProject: com.aelos.testintentionsassistance:com.aelos.testintentionsassistance.ui:0.1.0-SNAPSHOT @ Z:\Partage\TER\com.aelos.testintentionsassistance\com.aelos.testintentionsassistance.ui\pom.xml.
2018-02-16 11:08:20,011 [Worker-5] INFO  o.e.m.c.i.l.LifecycleMappingFactory - Using org.sonatype.tycho.m2e.tychoLifecycleMapping lifecycle mapping for MavenProject: com.aelos.testintentionsassistance:com.aelos.testintentionsassistance.sdk:0.1.0-SNAPSHOT @ Z:\Partage\TER\com.aelos.testintentionsassistance\com.aelos.testintentionsassistance.sdk\pom.xml.
2018-02-16 11:08:20,074 [Worker-5] INFO  o.e.m.c.i.l.LifecycleMappingFactory - Using org.sonatype.tycho.m2e.tychoLifecycleMapping lifecycle mapping for MavenProject: com.aelos.testintentionsassistance:com.aelos.testintentionsassistance.ide:0.1.0-SNAPSHOT @ Z:\Partage\TER\com.aelos.testintentionsassistance\com.aelos.testintentionsassistance.ide\pom.xml.
2018-02-16 11:08:20,167 [Worker-5] INFO  o.e.m.c.i.l.LifecycleMappingFactory - Using org.sonatype.tycho.m2e.tychoLifecycleMapping lifecycle mapping for MavenProject: com.aelos.testintentionsassistance:com.aelos.testintentionsassistance.tests:0.1.0-SNAPSHOT @ Z:\Partage\TER\com.aelos.testintentionsassistance\com.aelos.testintentionsassistance.tests\pom.xml.
2018-02-16 11:08:21,182 [Worker-5] INFO  o.e.m.c.i.l.LifecycleMappingFactory - Using org.sonatype.tycho.m2e.tychoLifecycleMapping lifecycle mapping for MavenProject: com.aelos.testintentionsassistance:com.aelos.testintentionsassistance:0.1.0-SNAPSHOT @ Z:\Partage\TER\com.aelos.testintentionsassistance\com.aelos.testintentionsassistance\pom.xml.
2018-02-16 11:08:22,305 [Worker-5] INFO  o.e.m.c.i.l.LifecycleMappingFactory - Using org.sonatype.tycho.m2e.tychoLifecycleMapping lifecycle mapping for MavenProject: com.aelos.testintentionsassistance:com.aelos.testintentionsassistance.ide:0.1.0-SNAPSHOT @ Z:\Partage\TER\com.aelos.testintentionsassistance\com.aelos.testintentionsassistance.ide\pom.xml.
2018-02-16 11:08:22,554 [Worker-5] INFO  o.e.m.c.i.l.LifecycleMappingFactory - Using org.sonatype.tycho.m2e.tychoLifecycleMapping lifecycle mapping for MavenProject: com.aelos.testintentionsassistance:com.aelos.testintentionsassistance.sdk:0.1.0-SNAPSHOT @ Z:\Partage\TER\com.aelos.testintentionsassistance\com.aelos.testintentionsassistance.sdk\pom.xml.
2018-02-16 11:08:22,929 [Worker-5] INFO  o.e.m.c.i.l.LifecycleMappingFactory - Using org.sonatype.tycho.m2e.tychoLifecycleMapping lifecycle mapping for MavenProject: com.aelos.testintentionsassistance:com.aelos.testintentionsassistance.tests:0.1.0-SNAPSHOT @ Z:\Partage\TER\com.aelos.testintentionsassistance\com.aelos.testintentionsassistance.tests\pom.xml.
2018-02-16 11:08:23,303 [Worker-5] INFO  o.e.m.c.i.l.LifecycleMappingFactory - Using org.sonatype.tycho.m2e.tychoLifecycleMapping lifecycle mapping for MavenProject: com.aelos.testintentionsassistance:com.aelos.testintentionsassistance.ui:0.1.0-SNAPSHOT @ Z:\Partage\TER\com.aelos.testintentionsassistance\com.aelos.testintentionsassistance.ui\pom.xml.
2018-02-16 11:08:24,520 [Worker-5] INFO  o.e.m.c.i.l.LifecycleMappingFactory - Using org.sonatype.tycho.m2e.tychoLifecycleMapping lifecycle mapping for MavenProject: com.aelos.testintentionsassistance:com.aelos.testintentionsassistance.updatesite:0.1.0-SNAPSHOT @ Z:\Partage\TER\com.aelos.testintentionsassistance\com.aelos.testintentionsassistance.updatesite\pom.xml.
2018-02-16 11:08:54,176 [Worker-7] INFO  o.e.m.c.i.embedder.EclipseLogger - Using 'UTF-8' encoding to copy filtered resources.
2018-02-16 11:08:54,176 [Worker-7] INFO  o.e.m.c.i.embedder.EclipseLogger - skip non existing resourceDirectory Z:\Partage\TER\com.aelos.testintentionsassistance\com.aelos.testintentionsassistance\src\main\resources
2018-02-16 11:08:54,176 [Worker-7] INFO  o.e.m.c.i.embedder.EclipseLogger - Using 'UTF-8' encoding to copy filtered resources.
2018-02-16 11:08:54,176 [Worker-7] INFO  o.e.m.c.i.embedder.EclipseLogger - skip non existing resourceDirectory Z:\Partage\TER\com.aelos.testintentionsassistance\com.aelos.testintentionsassistance\src\test\resources
2018-02-16 11:08:54,878 [Worker-7] INFO  o.e.m.c.i.embedder.EclipseLogger - Using 'UTF-8' encoding to copy filtered resources.
2018-02-16 11:08:54,878 [Worker-7] INFO  o.e.m.c.i.embedder.EclipseLogger - skip non existing resourceDirectory Z:\Partage\TER\com.aelos.testintentionsassistance\com.aelos.testintentionsassistance.ide\src\main\resources
2018-02-16 11:08:54,878 [Worker-7] INFO  o.e.m.c.i.embedder.EclipseLogger - Using 'UTF-8' encoding to copy filtered resources.
2018-02-16 11:08:54,878 [Worker-7] INFO  o.e.m.c.i.embedder.EclipseLogger - skip non existing resourceDirectory Z:\Partage\TER\com.aelos.testintentionsassistance\com.aelos.testintentionsassistance.ide\src\test\resources
2018-02-16 11:08:58,029 [Worker-7] INFO  o.e.m.c.i.embedder.EclipseLogger - Using 'UTF-8' encoding to copy filtered resources.
2018-02-16 11:08:58,029 [Worker-7] INFO  o.e.m.c.i.embedder.EclipseLogger - skip non existing resourceDirectory Z:\Partage\TER\com.aelos.testintentionsassistance\com.aelos.testintentionsassistance.ui\src\main\resources
2018-02-16 11:08:58,045 [Worker-7] INFO  o.e.m.c.i.embedder.EclipseLogger - Using 'UTF-8' encoding to copy filtered resources.
2018-02-16 11:08:58,045 [Worker-7] INFO  o.e.m.c.i.embedder.EclipseLogger - skip non existing resourceDirectory Z:\Partage\TER\com.aelos.testintentionsassistance\com.aelos.testintentionsassistance.ui\src\test\resources
2018-02-16 11:08:59,090 [Worker-7] INFO  o.e.m.c.i.embedder.EclipseLogger - Using 'UTF-8' encoding to copy filtered resources.
2018-02-16 11:08:59,090 [Worker-7] INFO  o.e.m.c.i.embedder.EclipseLogger - skip non existing resourceDirectory Z:\Partage\TER\com.aelos.testintentionsassistance\com.aelos.testintentionsassistance.tests\src\main\resources
2018-02-16 11:08:59,090 [Worker-7] INFO  o.e.m.c.i.embedder.EclipseLogger - Using 'UTF-8' encoding to copy filtered resources.
2018-02-16 11:08:59,090 [Worker-7] INFO  o.e.m.c.i.embedder.EclipseLogger - skip non existing resourceDirectory Z:\Partage\TER\com.aelos.testintentionsassistance\com.aelos.testintentionsassistance.tests\src\test\resources
2018-02-16 11:08:59,231 [Worker-7] INFO  o.e.m.c.i.embedder.EclipseLogger - Using 'UTF-8' encoding to copy filtered resources.
2018-02-16 11:08:59,231 [Worker-7] INFO  o.e.m.c.i.embedder.EclipseLogger - skip non existing resourceDirectory Z:\Partage\TER\com.aelos.testintentionsassistance\com.aelos.testintentionsassistance.updatesite\src\main\resources
2018-02-16 11:09:02,397 [Worker-7] INFO  o.e.m.c.i.embedder.EclipseLogger - Using 'UTF-8' encoding to copy filtered resources.
2018-02-16 11:09:02,413 [Worker-7] INFO  o.e.m.c.i.embedder.EclipseLogger - skip non existing resourceDirectory Z:\Partage\TER\com.aelos.testintentionsassistance\com.aelos.testintentionsassistance\src\main\resources
2018-02-16 11:09:02,413 [Worker-7] INFO  o.e.m.c.i.embedder.EclipseLogger - Using 'UTF-8' encoding to copy filtered resources.
2018-02-16 11:09:02,413 [Worker-7] INFO  o.e.m.c.i.embedder.EclipseLogger - skip non existing resourceDirectory Z:\Partage\TER\com.aelos.testintentionsassistance\com.aelos.testintentionsassistance\src\test\resources
2018-02-16 11:09:03,006 [Worker-7] INFO  o.e.m.c.i.embedder.EclipseLogger - Using 'UTF-8' encoding to copy filtered resources.
2018-02-16 11:09:03,006 [Worker-7] INFO  o.e.m.c.i.embedder.EclipseLogger - skip non existing resourceDirectory Z:\Partage\TER\com.aelos.testintentionsassistance\com.aelos.testintentionsassistance.ide\src\main\resources
2018-02-16 11:09:03,006 [Worker-7] INFO  o.e.m.c.i.embedder.EclipseLogger - Using 'UTF-8' encoding to copy filtered resources.
2018-02-16 11:09:03,006 [Worker-7] INFO  o.e.m.c.i.embedder.EclipseLogger - skip non existing resourceDirectory Z:\Partage\TER\com.aelos.testintentionsassistance\com.aelos.testintentionsassistance.ide\src\test\resources
2018-02-16 11:09:06,908 [Worker-7] INFO  o.e.m.c.i.embedder.EclipseLogger - Using 'UTF-8' encoding to copy filtered resources.
2018-02-16 11:09:06,908 [Worker-7] INFO  o.e.m.c.i.embedder.EclipseLogger - skip non existing resourceDirectory Z:\Partage\TER\com.aelos.testintentionsassistance\com.aelos.testintentionsassistance.ui\src\main\resources
2018-02-16 11:09:06,908 [Worker-7] INFO  o.e.m.c.i.embedder.EclipseLogger - Using 'UTF-8' encoding to copy filtered resources.
2018-02-16 11:09:06,908 [Worker-7] INFO  o.e.m.c.i.embedder.EclipseLogger - skip non existing resourceDirectory Z:\Partage\TER\com.aelos.testintentionsassistance\com.aelos.testintentionsassistance.ui\src\test\resources
2018-02-16 11:09:07,313 [Worker-7] INFO  o.e.m.c.i.embedder.EclipseLogger - Using 'UTF-8' encoding to copy filtered resources.
2018-02-16 11:09:07,313 [Worker-7] INFO  o.e.m.c.i.embedder.EclipseLogger - skip non existing resourceDirectory Z:\Partage\TER\com.aelos.testintentionsassistance\com.aelos.testintentionsassistance.tests\src\main\resources
2018-02-16 11:09:07,313 [Worker-7] INFO  o.e.m.c.i.embedder.EclipseLogger - Using 'UTF-8' encoding to copy filtered resources.
2018-02-16 11:09:07,313 [Worker-7] INFO  o.e.m.c.i.embedder.EclipseLogger - skip non existing resourceDirectory Z:\Partage\TER\com.aelos.testintentionsassistance\com.aelos.testintentionsassistance.tests\src\test\resources
2018-02-16 11:11:10,803 [Worker-4] ERROR o.e.m.c.i.p.ProjectConfigurationManager - Project com.aelos.testintentionsassistance already exists
2018-02-16 11:11:12,519 [Worker-1] INFO  o.e.m.c.i.l.LifecycleMappingFactory - Using NULL lifecycle mapping for MavenProject: com.aelos.testintentionsassistance:parent:0.1.0-SNAPSHOT @ Z:\TER\com.aelos.testintentionsassistance\pom.xml.
2018-02-16 11:11:13,111 [Worker-4] INFO  o.e.m.c.i.l.LifecycleMappingFactory - Using NULL lifecycle mapping for MavenProject: com.aelos.testintentionsassistance:parent:0.1.0-SNAPSHOT @ Z:\TER\com.aelos.testintentionsassistance\pom.xml.
2018-02-16 11:11:13,221 [Worker-4] INFO  o.e.m.c.i.l.LifecycleMappingFactory - Using org.sonatype.tycho.m2e.tychoLifecycleMapping lifecycle mapping for MavenProject: com.aelos.testintentionsassistance:com.aelos.testintentionsassistance.ide:0.1.0-SNAPSHOT @ Z:\TER\com.aelos.testintentionsassistance\com.aelos.testintentionsassistance.ide\pom.xml.
2018-02-16 11:11:13,299 [Worker-4] INFO  o.e.m.c.i.l.LifecycleMappingFactory - Using org.sonatype.tycho.m2e.tychoLifecycleMapping lifecycle mapping for MavenProject: com.aelos.testintentionsassistance:com.aelos.testintentionsassistance.ui:0.1.0-SNAPSHOT @ Z:\TER\com.aelos.testintentionsassistance\com.aelos.testintentionsassistance.ui\pom.xml.
2018-02-16 11:11:13,345 [Worker-4] INFO  o.e.m.c.i.l.LifecycleMappingFactory - Using org.sonatype.tycho.m2e.tychoLifecycleMapping lifecycle mapping for MavenProject: com.aelos.testintentionsassistance:com.aelos.testintentionsassistance.tests:0.1.0-SNAPSHOT @ Z:\TER\com.aelos.testintentionsassistance\com.aelos.testintentionsassistance.tests\pom.xml.
2018-02-16 11:11:13,392 [Worker-4] INFO  o.e.m.c.i.l.LifecycleMappingFactory - Using org.sonatype.tycho.m2e.tychoLifecycleMapping lifecycle mapping for MavenProject: com.aelos.testintentionsassistance:com.aelos.testintentionsassistance.sdk:0.1.0-SNAPSHOT @ Z:\TER\com.aelos.testintentionsassistance\com.aelos.testintentionsassistance.sdk\pom.xml.
2018-02-16 11:11:13,439 [Worker-4] INFO  o.e.m.c.i.l.LifecycleMappingFactory - Using org.sonatype.tycho.m2e.tychoLifecycleMapping lifecycle mapping for MavenProject: com.aelos.testintentionsassistance:com.aelos.testintentionsassistance.updatesite:0.1.0-SNAPSHOT @ Z:\TER\com.aelos.testintentionsassistance\com.aelos.testintentionsassistance.updatesite\pom.xml.
2018-02-16 11:11:16,902 [Worker-4] INFO  o.e.m.c.i.p.ProjectConfigurationManager - Imported and configured 7 project(s) in 7 sec
2018-02-16 11:11:17,682 [Worker-2] INFO  o.e.m.c.i.l.LifecycleMappingFactory - Using NULL lifecycle mapping for MavenProject: com.aelos.testintentionsassistance:parent:0.1.0-SNAPSHOT @ Z:\TER\com.aelos.testintentionsassistance\pom.xml.
2018-02-16 11:11:17,807 [Worker-2] INFO  o.e.m.c.i.l.LifecycleMappingFactory - Using org.sonatype.tycho.m2e.tychoLifecycleMapping lifecycle mapping for MavenProject: com.aelos.testintentionsassistance:com.aelos.testintentionsassistance.updatesite:0.1.0-SNAPSHOT @ Z:\TER\com.aelos.testintentionsassistance\com.aelos.testintentionsassistance.updatesite\pom.xml.
2018-02-16 11:11:17,870 [Worker-2] INFO  o.e.m.c.i.l.LifecycleMappingFactory - Using org.sonatype.tycho.m2e.tychoLifecycleMapping lifecycle mapping for MavenProject: com.aelos.testintentionsassistance:com.aelos.testintentionsassistance.ui:0.1.0-SNAPSHOT @ Z:\TER\com.aelos.testintentionsassistance\com.aelos.testintentionsassistance.ui\pom.xml.
2018-02-16 11:11:17,901 [Worker-2] INFO  o.e.m.c.i.l.LifecycleMappingFactory - Using org.sonatype.tycho.m2e.tychoLifecycleMapping lifecycle mapping for MavenProject: com.aelos.testintentionsassistance:com.aelos.testintentionsassistance.sdk:0.1.0-SNAPSHOT @ Z:\TER\com.aelos.testintentionsassistance\com.aelos.testintentionsassistance.sdk\pom.xml.
2018-02-16 11:11:17,979 [Worker-2] INFO  o.e.m.c.i.l.LifecycleMappingFactory - Using org.sonatype.tycho.m2e.tychoLifecycleMapping lifecycle mapping for MavenProject: com.aelos.testintentionsassistance:com.aelos.testintentionsassistance.ide:0.1.0-SNAPSHOT @ Z:\TER\com.aelos.testintentionsassistance\com.aelos.testintentionsassistance.ide\pom.xml.
2018-02-16 11:11:18,026 [Worker-2] INFO  o.e.m.c.i.l.LifecycleMappingFactory - Using org.sonatype.tycho.m2e.tychoLifecycleMapping lifecycle mapping for MavenProject: com.aelos.testintentionsassistance:com.aelos.testintentionsassistance.tests:0.1.0-SNAPSHOT @ Z:\TER\com.aelos.testintentionsassistance\com.aelos.testintentionsassistance.tests\pom.xml.
2018-02-16 11:11:18,135 [Worker-2] INFO  o.e.m.c.i.l.LifecycleMappingFactory - Using org.sonatype.tycho.m2e.tychoLifecycleMapping lifecycle mapping for MavenProject: com.aelos.testintentionsassistance:com.aelos.testintentionsassistance.ide:0.1.0-SNAPSHOT @ Z:\TER\com.aelos.testintentionsassistance\com.aelos.testintentionsassistance.ide\pom.xml.
2018-02-16 11:11:18,213 [Worker-2] INFO  o.e.m.c.i.l.LifecycleMappingFactory - Using org.sonatype.tycho.m2e.tychoLifecycleMapping lifecycle mapping for MavenProject: com.aelos.testintentionsassistance:com.aelos.testintentionsassistance.sdk:0.1.0-SNAPSHOT @ Z:\TER\com.aelos.testintentionsassistance\com.aelos.testintentionsassistance.sdk\pom.xml.
2018-02-16 11:11:18,291 [Worker-2] INFO  o.e.m.c.i.l.LifecycleMappingFactory - Using org.sonatype.tycho.m2e.tychoLifecycleMapping lifecycle mapping for MavenProject: com.aelos.testintentionsassistance:com.aelos.testintentionsassistance.tests:0.1.0-SNAPSHOT @ Z:\TER\com.aelos.testintentionsassistance\com.aelos.testintentionsassistance.tests\pom.xml.
2018-02-16 11:11:18,540 [Worker-2] INFO  o.e.m.c.i.l.LifecycleMappingFactory - Using org.sonatype.tycho.m2e.tychoLifecycleMapping lifecycle mapping for MavenProject: com.aelos.testintentionsassistance:com.aelos.testintentionsassistance.ui:0.1.0-SNAPSHOT @ Z:\TER\com.aelos.testintentionsassistance\com.aelos.testintentionsassistance.ui\pom.xml.
2018-02-16 11:11:18,728 [Worker-2] INFO  o.e.m.c.i.l.LifecycleMappingFactory - Using org.sonatype.tycho.m2e.tychoLifecycleMapping lifecycle mapping for MavenProject: com.aelos.testintentionsassistance:com.aelos.testintentionsassistance.updatesite:0.1.0-SNAPSHOT @ Z:\TER\com.aelos.testintentionsassistance\com.aelos.testintentionsassistance.updatesite\pom.xml.
2018-02-16 11:11:29,398 [Worker-8] INFO  o.e.m.c.i.embedder.EclipseLogger - Using 'UTF-8' encoding to copy filtered resources.
2018-02-16 11:11:29,398 [Worker-8] INFO  o.e.m.c.i.embedder.EclipseLogger - skip non existing resourceDirectory Z:\TER\com.aelos.testintentionsassistance\com.aelos.testintentionsassistance.ide\src\main\resources
2018-02-16 11:11:29,398 [Worker-8] INFO  o.e.m.c.i.embedder.EclipseLogger - Using 'UTF-8' encoding to copy filtered resources.
2018-02-16 11:11:29,398 [Worker-8] INFO  o.e.m.c.i.embedder.EclipseLogger - skip non existing resourceDirectory Z:\TER\com.aelos.testintentionsassistance\com.aelos.testintentionsassistance.ide\src\test\resources
2018-02-16 11:11:38,587 [Worker-8] INFO  o.e.m.c.i.embedder.EclipseLogger - Using 'UTF-8' encoding to copy filtered resources.
2018-02-16 11:11:38,587 [Worker-8] INFO  o.e.m.c.i.embedder.EclipseLogger - skip non existing resourceDirectory Z:\TER\com.aelos.testintentionsassistance\com.aelos.testintentionsassistance.ui\src\main\resources
2018-02-16 11:11:38,587 [Worker-8] INFO  o.e.m.c.i.embedder.EclipseLogger - Using 'UTF-8' encoding to copy filtered resources.
2018-02-16 11:11:38,587 [Worker-8] INFO  o.e.m.c.i.embedder.EclipseLogger - skip non existing resourceDirectory Z:\TER\com.aelos.testintentionsassistance\com.aelos.testintentionsassistance.ui\src\test\resources
2018-02-16 11:11:39,944 [Worker-8] INFO  o.e.m.c.i.embedder.EclipseLogger - Using 'UTF-8' encoding to copy filtered resources.
2018-02-16 11:11:39,944 [Worker-8] INFO  o.e.m.c.i.embedder.EclipseLogger - skip non existing resourceDirectory Z:\TER\com.aelos.testintentionsassistance\com.aelos.testintentionsassistance.tests\src\main\resources
2018-02-16 11:11:39,944 [Worker-8] INFO  o.e.m.c.i.embedder.EclipseLogger - Using 'UTF-8' encoding to copy filtered resources.
2018-02-16 11:11:39,944 [Worker-8] INFO  o.e.m.c.i.embedder.EclipseLogger - skip non existing resourceDirectory Z:\TER\com.aelos.testintentionsassistance\com.aelos.testintentionsassistance.tests\src\test\resources
2018-02-16 11:11:39,960 [Worker-8] INFO  o.e.m.c.i.embedder.EclipseLogger - Using 'UTF-8' encoding to copy filtered resources.
2018-02-16 11:11:39,960 [Worker-8] INFO  o.e.m.c.i.embedder.EclipseLogger - skip non existing resourceDirectory Z:\TER\com.aelos.testintentionsassistance\com.aelos.testintentionsassistance.updatesite\src\main\resources
2018-02-16 11:11:40,802 [Worker-8] INFO  o.e.m.c.i.embedder.EclipseLogger - Using 'UTF-8' encoding to copy filtered resources.
2018-02-16 11:11:40,802 [Worker-8] INFO  o.e.m.c.i.embedder.EclipseLogger - skip non existing resourceDirectory Z:\TER\com.aelos.testintentionsassistance\com.aelos.testintentionsassistance.ide\src\main\resources
2018-02-16 11:11:40,802 [Worker-8] INFO  o.e.m.c.i.embedder.EclipseLogger - Using 'UTF-8' encoding to copy filtered resources.
2018-02-16 11:11:40,802 [Worker-8] INFO  o.e.m.c.i.embedder.EclipseLogger - skip non existing resourceDirectory Z:\TER\com.aelos.testintentionsassistance\com.aelos.testintentionsassistance.ide\src\test\resources
2018-02-16 11:11:42,316 [Worker-8] INFO  o.e.m.c.i.embedder.EclipseLogger - Using 'UTF-8' encoding to copy filtered resources.
2018-02-16 11:11:42,316 [Worker-8] INFO  o.e.m.c.i.embedder.EclipseLogger - skip non existing resourceDirectory Z:\TER\com.aelos.testintentionsassistance\com.aelos.testintentionsassistance.ui\src\main\resources
2018-02-16 11:11:42,316 [Worker-8] INFO  o.e.m.c.i.embedder.EclipseLogger - Using 'UTF-8' encoding to copy filtered resources.
2018-02-16 11:11:42,331 [Worker-8] INFO  o.e.m.c.i.embedder.EclipseLogger - skip non existing resourceDirectory Z:\TER\com.aelos.testintentionsassistance\com.aelos.testintentionsassistance.ui\src\test\resources
2018-02-16 11:11:42,596 [Worker-8] INFO  o.e.m.c.i.embedder.EclipseLogger - Using 'UTF-8' encoding to copy filtered resources.
2018-02-16 11:11:42,596 [Worker-8] INFO  o.e.m.c.i.embedder.EclipseLogger - skip non existing resourceDirectory Z:\TER\com.aelos.testintentionsassistance\com.aelos.testintentionsassistance.tests\src\main\resources
2018-02-16 11:11:42,596 [Worker-8] INFO  o.e.m.c.i.embedder.EclipseLogger - Using 'UTF-8' encoding to copy filtered resources.
2018-02-16 11:11:42,596 [Worker-8] INFO  o.e.m.c.i.embedder.EclipseLogger - skip non existing resourceDirectory Z:\TER\com.aelos.testintentionsassistance\com.aelos.testintentionsassistance.tests\src\test\resources
2018-02-16 11:11:42,893 [Worker-8] INFO  o.e.m.c.i.embedder.EclipseLogger - Using 'UTF-8' encoding to copy filtered resources.
2018-02-16 11:11:42,893 [Worker-8] INFO  o.e.m.c.i.embedder.EclipseLogger - skip non existing resourceDirectory Z:\TER\com.aelos.testintentionsassistance\com.aelos.testintentionsassistance.ide\src\main\resources
2018-02-16 11:11:42,893 [Worker-8] INFO  o.e.m.c.i.embedder.EclipseLogger - Using 'UTF-8' encoding to copy filtered resources.
2018-02-16 11:11:42,893 [Worker-8] INFO  o.e.m.c.i.embedder.EclipseLogger - skip non existing resourceDirectory Z:\TER\com.aelos.testintentionsassistance\com.aelos.testintentionsassistance.ide\src\test\resources
2018-02-16 11:13:03,284 [Worker-4] ERROR o.e.m.c.i.p.ProjectConfigurationManager - Project com.aelos.mappingassistance already exists
2018-02-16 11:13:06,934 [Worker-7] INFO  o.e.m.c.i.l.LifecycleMappingFactory - Using org.sonatype.tycho.m2e.tychoLifecycleMapping lifecycle mapping for MavenProject: com.aelos.mappingassistance:com.aelos.mappingassistance.ide:0.1.0-SNAPSHOT @ Z:\TER\com.aelos.mappingassistance\com.aelos.mappingassistance.ide\pom.xml.
2018-02-16 11:13:07,886 [Worker-7] INFO  o.e.m.c.i.l.LifecycleMappingFactory - Using org.sonatype.tycho.m2e.tychoLifecycleMapping lifecycle mapping for MavenProject: com.aelos.mappingassistance:com.aelos.mappingassistance.ui:0.1.0-SNAPSHOT @ Z:\TER\com.aelos.mappingassistance\com.aelos.mappingassistance.ui\pom.xml.
2018-02-16 11:13:08,588 [Worker-4] INFO  o.e.m.c.i.l.LifecycleMappingFactory - Using NULL lifecycle mapping for MavenProject: com.aelos.mappingassistance:parent:0.1.0-SNAPSHOT @ Z:\TER\com.aelos.mappingassistance\pom.xml.
2018-02-16 11:13:08,650 [Worker-4] INFO  o.e.m.c.i.l.LifecycleMappingFactory - Using org.sonatype.tycho.m2e.tychoLifecycleMapping lifecycle mapping for MavenProject: com.aelos.mappingassistance:com.aelos.mappingassistance.ide:0.1.0-SNAPSHOT @ Z:\TER\com.aelos.mappingassistance\com.aelos.mappingassistance.ide\pom.xml.
2018-02-16 11:13:08,697 [Worker-4] INFO  o.e.m.c.i.l.LifecycleMappingFactory - Using org.sonatype.tycho.m2e.tychoLifecycleMapping lifecycle mapping for MavenProject: com.aelos.mappingassistance:com.aelos.mappingassistance.ui:0.1.0-SNAPSHOT @ Z:\TER\com.aelos.mappingassistance\com.aelos.mappingassistance.ui\pom.xml.
2018-02-16 11:13:08,744 [Worker-4] INFO  o.e.m.c.i.l.LifecycleMappingFactory - Using org.sonatype.tycho.m2e.tychoLifecycleMapping lifecycle mapping for MavenProject: com.aelos.mappingassistance:com.aelos.mappingassistance.tests:0.1.0-SNAPSHOT @ Z:\TER\com.aelos.mappingassistance\com.aelos.mappingassistance.tests\pom.xml.
2018-02-16 11:13:08,791 [Worker-4] INFO  o.e.m.c.i.l.LifecycleMappingFactory - Using org.sonatype.tycho.m2e.tychoLifecycleMapping lifecycle mapping for MavenProject: com.aelos.mappingassistance:com.aelos.mappingassistance.sdk:0.1.0-SNAPSHOT @ Z:\TER\com.aelos.mappingassistance\com.aelos.mappingassistance.sdk\pom.xml.
2018-02-16 11:13:08,837 [Worker-4] INFO  o.e.m.c.i.l.LifecycleMappingFactory - Using org.sonatype.tycho.m2e.tychoLifecycleMapping lifecycle mapping for MavenProject: com.aelos.mappingassistance:com.aelos.mappingassistance.updatesite:0.1.0-SNAPSHOT @ Z:\TER\com.aelos.mappingassistance\com.aelos.mappingassistance.updatesite\pom.xml.
2018-02-16 11:13:12,254 [Worker-4] INFO  o.e.m.c.i.p.ProjectConfigurationManager - Imported and configured 7 project(s) in 12 sec
2018-02-16 11:13:18,588 [Worker-8] INFO  o.e.m.c.i.l.LifecycleMappingFactory - Using org.sonatype.tycho.m2e.tychoLifecycleMapping lifecycle mapping for MavenProject: com.aelos.mappingassistance:com.aelos.mappingassistance.ide:0.1.0-SNAPSHOT @ Z:\TER\com.aelos.mappingassistance\com.aelos.mappingassistance.ide\pom.xml.
2018-02-16 11:13:18,853 [Worker-8] INFO  o.e.m.c.i.l.LifecycleMappingFactory - Using org.sonatype.tycho.m2e.tychoLifecycleMapping lifecycle mapping for MavenProject: com.aelos.mappingassistance:com.aelos.mappingassistance.ui:0.1.0-SNAPSHOT @ Z:\TER\com.aelos.mappingassistance\com.aelos.mappingassistance.ui\pom.xml.
2018-02-16 11:13:19,071 [Worker-8] INFO  o.e.m.c.i.l.LifecycleMappingFactory - Using org.sonatype.tycho.m2e.tychoLifecycleMapping lifecycle mapping for MavenProject: com.aelos.mappingassistance:com.aelos.mappingassistance.sdk:0.1.0-SNAPSHOT @ Z:\TER\com.aelos.mappingassistance\com.aelos.mappingassistance.sdk\pom.xml.
2018-02-16 11:13:20,272 [Worker-8] INFO  o.e.m.c.i.l.LifecycleMappingFactory - Using org.sonatype.tycho.m2e.tychoLifecycleMapping lifecycle mapping for MavenProject: com.aelos.mappingassistance:com.aelos.mappingassistance.tests:0.1.0-SNAPSHOT @ Z:\TER\com.aelos.mappingassistance\com.aelos.mappingassistance.tests\pom.xml.
2018-02-16 11:13:20,600 [Worker-8] INFO  o.e.m.c.i.l.LifecycleMappingFactory - Using org.sonatype.tycho.m2e.tychoLifecycleMapping lifecycle mapping for MavenProject: com.aelos.mappingassistance:com.aelos.mappingassistance.updatesite:0.1.0-SNAPSHOT @ Z:\TER\com.aelos.mappingassistance\com.aelos.mappingassistance.updatesite\pom.xml.
2018-02-16 11:13:31,146 [Worker-3] INFO  o.e.m.c.i.embedder.EclipseLogger - Using 'UTF-8' encoding to copy filtered resources.
2018-02-16 11:13:31,146 [Worker-3] INFO  o.e.m.c.i.embedder.EclipseLogger - skip non existing resourceDirectory Z:\TER\com.aelos.mappingassistance\com.aelos.mappingassistance.ide\src\main\resources
2018-02-16 11:13:31,146 [Worker-3] INFO  o.e.m.c.i.embedder.EclipseLogger - Using 'UTF-8' encoding to copy filtered resources.
2018-02-16 11:13:31,146 [Worker-3] INFO  o.e.m.c.i.embedder.EclipseLogger - skip non existing resourceDirectory Z:\TER\com.aelos.mappingassistance\com.aelos.mappingassistance.ide\src\test\resources
2018-02-16 11:13:40,319 [Worker-3] INFO  o.e.m.c.i.embedder.EclipseLogger - Using 'UTF-8' encoding to copy filtered resources.
2018-02-16 11:13:40,319 [Worker-3] INFO  o.e.m.c.i.embedder.EclipseLogger - skip non existing resourceDirectory Z:\TER\com.aelos.mappingassistance\com.aelos.mappingassistance.ui\src\main\resources
2018-02-16 11:13:40,319 [Worker-3] INFO  o.e.m.c.i.embedder.EclipseLogger - Using 'UTF-8' encoding to copy filtered resources.
2018-02-16 11:13:40,319 [Worker-3] INFO  o.e.m.c.i.embedder.EclipseLogger - skip non existing resourceDirectory Z:\TER\com.aelos.mappingassistance\com.aelos.mappingassistance.ui\src\test\resources
2018-02-16 11:13:42,768 [Worker-3] INFO  o.e.m.c.i.embedder.EclipseLogger - Using 'UTF-8' encoding to copy filtered resources.
2018-02-16 11:13:42,768 [Worker-3] INFO  o.e.m.c.i.embedder.EclipseLogger - skip non existing resourceDirectory Z:\TER\com.aelos.mappingassistance\com.aelos.mappingassistance.tests\src\main\resources
2018-02-16 11:13:42,768 [Worker-3] INFO  o.e.m.c.i.embedder.EclipseLogger - Using 'UTF-8' encoding to copy filtered resources.
2018-02-16 11:13:42,768 [Worker-3] INFO  o.e.m.c.i.embedder.EclipseLogger - skip non existing resourceDirectory Z:\TER\com.aelos.mappingassistance\com.aelos.mappingassistance.tests\src\test\resources
2018-02-16 11:13:42,799 [Worker-3] INFO  o.e.m.c.i.embedder.EclipseLogger - Using 'UTF-8' encoding to copy filtered resources.
2018-02-16 11:13:42,799 [Worker-3] INFO  o.e.m.c.i.embedder.EclipseLogger - skip non existing resourceDirectory Z:\TER\com.aelos.mappingassistance\com.aelos.mappingassistance.updatesite\src\main\resources
2018-02-16 11:13:43,860 [Worker-3] INFO  o.e.m.c.i.embedder.EclipseLogger - Using 'UTF-8' encoding to copy filtered resources.
2018-02-16 11:13:43,860 [Worker-3] INFO  o.e.m.c.i.embedder.EclipseLogger - skip non existing resourceDirectory Z:\TER\com.aelos.mappingassistance\com.aelos.mappingassistance.ide\src\main\resources
2018-02-16 11:13:43,876 [Worker-3] INFO  o.e.m.c.i.embedder.EclipseLogger - Using 'UTF-8' encoding to copy filtered resources.
2018-02-16 11:13:43,876 [Worker-3] INFO  o.e.m.c.i.embedder.EclipseLogger - skip non existing resourceDirectory Z:\TER\com.aelos.mappingassistance\com.aelos.mappingassistance.ide\src\test\resources
2018-02-16 11:13:45,810 [Worker-3] INFO  o.e.m.c.i.embedder.EclipseLogger - Using 'UTF-8' encoding to copy filtered resources.
2018-02-16 11:13:45,810 [Worker-3] INFO  o.e.m.c.i.embedder.EclipseLogger - skip non existing resourceDirectory Z:\TER\com.aelos.mappingassistance\com.aelos.mappingassistance.ui\src\main\resources
2018-02-16 11:13:45,810 [Worker-3] INFO  o.e.m.c.i.embedder.EclipseLogger - Using 'UTF-8' encoding to copy filtered resources.
2018-02-16 11:13:45,810 [Worker-3] INFO  o.e.m.c.i.embedder.EclipseLogger - skip non existing resourceDirectory Z:\TER\com.aelos.mappingassistance\com.aelos.mappingassistance.ui\src\test\resources
2018-02-16 11:13:46,824 [Worker-3] INFO  o.e.m.c.i.embedder.EclipseLogger - Using 'UTF-8' encoding to copy filtered resources.
2018-02-16 11:13:46,824 [Worker-3] INFO  o.e.m.c.i.embedder.EclipseLogger - skip non existing resourceDirectory Z:\TER\com.aelos.mappingassistance\com.aelos.mappingassistance.tests\src\main\resources
2018-02-16 11:13:46,824 [Worker-3] INFO  o.e.m.c.i.embedder.EclipseLogger - Using 'UTF-8' encoding to copy filtered resources.
2018-02-16 11:13:46,824 [Worker-3] INFO  o.e.m.c.i.embedder.EclipseLogger - skip non existing resourceDirectory Z:\TER\com.aelos.mappingassistance\com.aelos.mappingassistance.tests\src\test\resources
2018-02-16 11:13:47,183 [Worker-3] INFO  o.e.m.c.i.embedder.EclipseLogger - Using 'UTF-8' encoding to copy filtered resources.
2018-02-16 11:13:47,183 [Worker-3] INFO  o.e.m.c.i.embedder.EclipseLogger - skip non existing resourceDirectory Z:\TER\com.aelos.mappingassistance\com.aelos.mappingassistance.ide\src\main\resources
2018-02-16 11:13:47,183 [Worker-3] INFO  o.e.m.c.i.embedder.EclipseLogger - Using 'UTF-8' encoding to copy filtered resources.
2018-02-16 11:13:47,199 [Worker-3] INFO  o.e.m.c.i.embedder.EclipseLogger - skip non existing resourceDirectory Z:\TER\com.aelos.mappingassistance\com.aelos.mappingassistance.ide\src\test\resources
2018-02-16 11:13:47,792 [Worker-3] INFO  o.e.m.c.i.embedder.EclipseLogger - Using 'UTF-8' encoding to copy filtered resources.
2018-02-16 11:13:47,807 [Worker-3] INFO  o.e.m.c.i.embedder.EclipseLogger - skip non existing resourceDirectory Z:\TER\com.aelos.mappingassistance\com.aelos.mappingassistance.tests\src\main\resources
2018-02-16 11:13:47,807 [Worker-3] INFO  o.e.m.c.i.embedder.EclipseLogger - Using 'UTF-8' encoding to copy filtered resources.
2018-02-16 11:13:47,807 [Worker-3] INFO  o.e.m.c.i.embedder.EclipseLogger - skip non existing resourceDirectory Z:\TER\com.aelos.mappingassistance\com.aelos.mappingassistance.tests\src\test\resources
2018-02-16 11:15:09,913 [Worker-3] INFO  o.e.m.c.i.l.LifecycleMappingFactory - Using NULL lifecycle mapping for MavenProject: com.aelos.testintentionsassistance:parent:0.1.0-SNAPSHOT @ Z:\TER\com.aelos.testintentionsassistance\pom.xml.
2018-02-16 11:15:09,976 [Worker-3] INFO  o.e.m.c.i.l.LifecycleMappingFactory - Using org.sonatype.tycho.m2e.tychoLifecycleMapping lifecycle mapping for MavenProject: com.aelos.testintentionsassistance:com.aelos.testintentionsassistance.updatesite:0.1.0-SNAPSHOT @ Z:\TER\com.aelos.testintentionsassistance\com.aelos.testintentionsassistance.updatesite\pom.xml.
2018-02-16 11:15:10,007 [Worker-3] INFO  o.e.m.c.i.l.LifecycleMappingFactory - Using org.sonatype.tycho.m2e.tychoLifecycleMapping lifecycle mapping for MavenProject: com.aelos.testintentionsassistance:com.aelos.testintentionsassistance.sdk:0.1.0-SNAPSHOT @ Z:\TER\com.aelos.testintentionsassistance\com.aelos.testintentionsassistance.sdk\pom.xml.
2018-02-16 11:15:10,069 [Worker-3] INFO  o.e.m.c.i.l.LifecycleMappingFactory - Using org.sonatype.tycho.m2e.tychoLifecycleMapping lifecycle mapping for MavenProject: com.aelos.testintentionsassistance:com.aelos.testintentionsassistance.ui:0.1.0-SNAPSHOT @ Z:\TER\com.aelos.testintentionsassistance\com.aelos.testintentionsassistance.ui\pom.xml.
2018-02-16 11:15:10,147 [Worker-3] INFO  o.e.m.c.i.l.LifecycleMappingFactory - Using org.sonatype.tycho.m2e.tychoLifecycleMapping lifecycle mapping for MavenProject: com.aelos.testintentionsassistance:com.aelos.testintentionsassistance.ide:0.1.0-SNAPSHOT @ Z:\TER\com.aelos.testintentionsassistance\com.aelos.testintentionsassistance.ide\pom.xml.
2018-02-16 11:15:10,225 [Worker-3] INFO  o.e.m.c.i.l.LifecycleMappingFactory - Using org.sonatype.tycho.m2e.tychoLifecycleMapping lifecycle mapping for MavenProject: com.aelos.testintentionsassistance:com.aelos.testintentionsassistance.tests:0.1.0-SNAPSHOT @ Z:\TER\com.aelos.testintentionsassistance\com.aelos.testintentionsassistance.tests\pom.xml.
